\BOOKMARK [1][-]{section.1}{\376\377\000R\000-\000T\000r\000e\000e\000s}{}% 1
\BOOKMARK [2][-]{subsection.1.1}{\376\377\000C\000o\000n\000t\000e\000x\000t\000e}{section.1}% 2
\BOOKMARK [3][-]{subsubsection.1.1.1}{\376\377\000P\000o\000i\000n\000t\000\040\000I\000n\000\040\000P\000o\000l\000y\000g\000o\000n}{subsection.1.1}% 3
\BOOKMARK [3][-]{subsubsection.1.1.2}{\376\377\000M\000i\000n\000i\000m\000u\000m\000\040\000B\000o\000u\000n\000d\000i\000n\000g\000\040\000R\000e\000c\000t\000a\000n\000g\000l\000e}{subsection.1.1}% 4
\BOOKMARK [2][-]{subsection.1.2}{\376\377\000S\000t\000r\000u\000c\000t\000u\000r\000e}{section.1}% 5
\BOOKMARK [2][-]{subsection.1.3}{\376\377\000a\000l\000g\000o\000r\000i\000t\000h\000m\000e}{section.1}% 6
\BOOKMARK [3][-]{subsubsection.1.3.1}{\376\377\000D\000e\000s\000c\000r\000i\000p\000t\000i\000o\000n}{subsection.1.3}% 7
\BOOKMARK [3][-]{subsubsection.1.3.2}{\376\377\000C\000o\000m\000p\000l\000e\000x\000i\000t\000\351}{subsection.1.3}% 8
\BOOKMARK [3][-]{subsubsection.1.3.3}{\376\377\000M\000i\000s\000e\000\040\000e\000n\000\040\000o\000e\000u\000v\000r\000e\000\040\000e\000n\000\040\000J\000a\000v\000a\000\040}{subsection.1.3}% 9
\BOOKMARK [3][-]{subsubsection.1.3.4}{\376\377\000M\000i\000n\000i\000m\000u\000m\000\040\000B\000o\000u\000n\000d\000i\000n\000g\000\040\000R\000e\000c\000t\000a\000n\000g\000l\000e}{subsection.1.3}% 10
\BOOKMARK [2][-]{subsection.1.4}{\376\377\000I\000n\000t\000r\000o\000d\000u\000c\000t\000i\000o\000n}{section.1}% 11
\BOOKMARK [3][-]{subsubsection.1.4.1}{\376\377\000D\000e\000s\000c\000r\000i\000p\000t\000i\000o\000n}{subsection.1.4}% 12
\BOOKMARK [3][-]{subsubsection.1.4.2}{\376\377\000C\000o\000m\000p\000l\000e\000x\000i\000t\000\351}{subsection.1.4}% 13
\BOOKMARK [2][-]{subsection.1.5}{\376\377\000C\000r\000\351\000a\000t\000i\000o\000n}{section.1}% 14
\BOOKMARK [3][-]{subsubsection.1.5.1}{\376\377\000S\000p\000l\000i\000t\000\040\000q\000u\000a\000d\000r\000a\000t\000i\000q\000u\000e}{subsection.1.5}% 15
\BOOKMARK [3][-]{subsubsection.1.5.2}{\376\377\000a\000l\000g\000o\000r\000i\000t\000h\000m\000e}{subsection.1.5}% 16
\BOOKMARK [3][-]{subsubsection.1.5.3}{\376\377\000D\000e\000s\000c\000r\000i\000p\000t\000i\000o\000n}{subsection.1.5}% 17
\BOOKMARK [3][-]{subsubsection.1.5.4}{\376\377\000C\000o\000m\000p\000l\000e\000x\000i\000t\000\351}{subsection.1.5}% 18
\BOOKMARK [3][-]{subsubsection.1.5.5}{\376\377\000M\000i\000s\000e\000\040\000e\000n\000\040\000o\000e\000u\000v\000r\000e\000\040\000e\000n\000\040\000J\000a\000v\000a\000\040}{subsection.1.5}% 19
\BOOKMARK [3][-]{subsubsection.1.5.6}{\376\377\000S\000p\000l\000i\000t\000\040\000l\000i\000n\000\351\000a\000i\000r\000e}{subsection.1.5}% 20
\BOOKMARK [3][-]{subsubsection.1.5.7}{\376\377\000a\000l\000g\000o\000r\000i\000t\000h\000m\000e}{subsection.1.5}% 21
\BOOKMARK [3][-]{subsubsection.1.5.8}{\376\377\000D\000e\000s\000c\000r\000i\000p\000t\000i\000o\000n}{subsection.1.5}% 22
\BOOKMARK [3][-]{subsubsection.1.5.9}{\376\377\000C\000o\000m\000p\000l\000e\000x\000i\000t\000\351}{subsection.1.5}% 23
\BOOKMARK [3][-]{subsubsection.1.5.10}{\376\377\000M\000i\000s\000e\000\040\000e\000n\000\040\000o\000e\000u\000v\000r\000e\000\040\000e\000n\000\040\000J\000a\000v\000a\000\040}{subsection.1.5}% 24
\BOOKMARK [1][-]{section.2}{\376\377\000E\000x\000p\000\351\000r\000i\000e\000n\000c\000e\000s\000\040\000s\000u\000r\000\040\000d\000e\000s\000\040\000d\000o\000n\000n\000\351\000e\000s\000\040\000r\000\351\000e\000l\000l\000e\000s\000\040}{}% 25
\BOOKMARK [2][-]{subsection.2.1}{\376\377\000L\000a\000\040\000l\000i\000b\000r\000a\000i\000r\000i\000e\000\040\000G\000e\000o\000t\000o\000o\000l\000s}{section.2}% 26
\BOOKMARK [3][-]{subsubsection.2.1.1}{\376\377\000D\000\351\000c\000o\000u\000p\000e\000\040\000d\000e\000\040\000l\000a\000\040\000B\000e\000l\000g\000i\000q\000u\000e\000\040\000e\000n\000\040\000s\000e\000c\000t\000e\000u\000r\000s\000\040\000s\000t\000a\000t\000i\000s\000t\000i\000q\000u\000e\000s}{subsection.2.1}% 27
\BOOKMARK [3][-]{subsubsection.2.1.2}{\376\377\000P\000a\000y\000s\000\040\000d\000u\000\040\000m\000o\000n\000d\000e}{subsection.2.1}% 28
\BOOKMARK [3][-]{subsubsection.2.1.3}{\376\377\000C\000o\000m\000m\000u\000n\000e\000s\000\040\000f\000r\000a\000n\000\347\000a\000i\000s\000e\000s}{subsection.2.1}% 29
\BOOKMARK [2][-]{subsection.2.2}{\376\377\000C\000o\000n\000c\000l\000u\000s\000i\000o\000n\000s\000\040}{section.2}% 30
\BOOKMARK [1][-]{section.3}{\376\377\000R\000e\000s\000s\000o\000u\000r\000c\000e\000s}{}% 31
